Server jalan di http://localhost:3001
Akses http://localhost:3001/index.html untuk login form
Akses http://localhost:3001/users untuk melihat data users
GET /
Headers: {
  host: 'localhost:3001',
  connection: 'keep-alive',
  'sec-ch-ua': '"Google Chrome";v="137", "Chromium";v="137", "Not/A)Brand";v="24"',
  'sec-ch-ua-mobile': '?0',
  'sec-ch-ua-platform': '"macOS"',
  'upgrade-insecure-requests': '1',
  'user-agent': 'Mozilla/5.0 (Macintosh; Intel Mac OS X 10_15_7) AppleWebKit/537.36 (KHTML, like Gecko) Chrome/137.0.0.0 Safari/537.36',
  accept: 'text/html,application/xhtml+xml,application/xml;q=0.9,image/avif,image/webp,image/apng,*/*;q=0.8,application/signed-exchange;v=b3;q=0.7',
  'sec-fetch-site': 'none',
  'sec-fetch-mode': 'navigate',
  'sec-fetch-user': '?1',
  'sec-fetch-dest': 'document',
  'accept-encoding': 'gzip, deflate, br, zstd',
  'accept-language': 'en-US,en;q=0.9',
  cookie: '__cuid=bd0fb793737e49a9b39071cbe4b49076',
  'if-none-match': 'W/"6b2-No6V9jZz1WdOS0xIr4iEBtvjh/w"'
}
Body: undefined
GET /logo.png
Headers: {
  host: 'localhost:3001',
  connection: 'keep-alive',
  'sec-ch-ua-platform': '"macOS"',
  'user-agent': 'Mozilla/5.0 (Macintosh; Intel Mac OS X 10_15_7) AppleWebKit/537.36 (KHTML, like Gecko) Chrome/137.0.0.0 Safari/537.36',
  'sec-ch-ua': '"Google Chrome";v="137", "Chromium";v="137", "Not/A)Brand";v="24"',
  'sec-ch-ua-mobile': '?0',
  accept: 'image/avif,image/webp,image/apng,image/svg+xml,image/*,*/*;q=0.8',
  'sec-fetch-site': 'same-origin',
  'sec-fetch-mode': 'no-cors',
  'sec-fetch-dest': 'image',
  referer: 'http://localhost:3001/',
  'accept-encoding': 'gzip, deflate, br, zstd',
  'accept-language': 'en-US,en;q=0.9',
  cookie: '__cuid=bd0fb793737e49a9b39071cbe4b49076'
}
Body: undefined
GET /favicon.ico
Headers: {
  host: 'localhost:3001',
  connection: 'keep-alive',
  'sec-ch-ua-platform': '"macOS"',
  'user-agent': 'Mozilla/5.0 (Macintosh; Intel Mac OS X 10_15_7) AppleWebKit/537.36 (KHTML, like Gecko) Chrome/137.0.0.0 Safari/537.36',
  'sec-ch-ua': '"Google Chrome";v="137", "Chromium";v="137", "Not/A)Brand";v="24"',
  'sec-ch-ua-mobile': '?0',
  accept: 'image/avif,image/webp,image/apng,image/svg+xml,image/*,*/*;q=0.8',
  'sec-fetch-site': 'same-origin',
  'sec-fetch-mode': 'no-cors',
  'sec-fetch-dest': 'image',
  referer: 'http://localhost:3001/',
  'accept-encoding': 'gzip, deflate, br, zstd',
  'accept-language': 'en-US,en;q=0.9',
  cookie: '__cuid=bd0fb793737e49a9b39071cbe4b49076',
  'if-none-match': 'W/"6b2-No6V9jZz1WdOS0xIr4iEBtvjh/w"'
}
Body: undefined
